# JRE version: OpenJDK Runtime Environment (11.0.13) (build 11.0.13+0-b1751.21-8125866)
# Java VM: OpenJDK 64-Bit Server VM (11.0.13+0-b1751.21-8125866, mixed mode, tiered, compressed oops, g1 gc, windows-amd64)
Heap:
 garbage-first heap   total 447488K, used 256543K [0x0000000080000000, 0x0000000100000000)
  region size 1024K, 55 young (56320K), 3 survivors (3072K)
 Metaspace       used 184648K, capacity 191273K, committed 191476K, reserved 1216512K
  class space    used 22169K, capacity 24486K, committed 24608K, reserved 1048576K
GC Heap History (20 events):
Event: 12154.100 GC heap before
{Heap before GC invocations=137 (full 0):
 garbage-first heap   total 447488K, used 349303K [0x0000000080000000, 0x0000000100000000)
  region size 1024K, 121 young (123904K), 11 survivors (11264K)
 Metaspace       used 181761K, capacity 187400K, committed 187636K, reserved 1214464K
  class space    used 21773K, capacity 23767K, committed 23840K, reserved 1048576K
}
Event: 12154.146 GC heap after
{Heap after GC invocations=138 (full 0):
 garbage-first heap   total 447488K, used 236265K [0x0000000080000000, 0x0000000100000000)
  region size 1024K, 7 young (7168K), 7 survivors (7168K)
 Metaspace       used 181761K, capacity 187400K, committed 187636K, reserved 1214464K
  class space    used 21773K, capacity 23767K, committed 23840K, reserved 1048576K
}
Event: 12440.208 GC heap before
{Heap before GC invocations=138 (full 0):
 garbage-first heap   total 447488K, used 353001K [0x0000000080000000, 0x0000000100000000)
  region size 1024K, 122 young (124928K), 7 survivors (7168K)
 Metaspace       used 183128K, capacity 189397K, committed 189556K, reserved 1214464K
  class space    used 22017K, capacity 24219K, committed 24224K, reserved 1048576K
}
Event: 12440.245 GC heap after
{Heap after GC invocations=139 (full 0):
 garbage-first heap   total 447488K, used 240457K [0x0000000080000000, 0x0000000100000000)
  region size 1024K, 11 young (11264K), 11 survivors (11264K)
 Metaspace       used 183128K, capacity 189397K, committed 189556K, reserved 1214464K
  class space    used 22017K, capacity 24219K, committed 24224K, reserved 1048576K
}
Event: 12642.121 GC heap before
{Heap before GC invocations=139 (full 0):
 garbage-first heap   total 447488K, used 358217K [0x0000000080000000, 0x0000000100000000)
  region size 1024K, 127 young (130048K), 11 survivors (11264K)
 Metaspace       used 183263K, capacity 189482K, committed 189556K, reserved 1214464K
  class space    used 22019K, capacity 24222K, committed 24224K, reserved 1048576K
}
Event: 12642.149 GC heap after
{Heap after GC invocations=140 (full 0):
 garbage-first heap   total 447488K, used 237568K [0x0000000080000000, 0x0000000100000000)
  region size 1024K, 5 young (5120K), 5 survivors (5120K)
 Metaspace       used 183263K, capacity 189482K, committed 189556K, reserved 1214464K
  class space    used 22019K, capacity 24222K, committed 24224K, reserved 1048576K
}
Event: 12741.347 GC heap before
{Heap before GC invocations=140 (full 0):
 garbage-first heap   total 447488K, used 360448K [0x0000000080000000, 0x0000000100000000)
  region size 1024K, 126 young (129024K), 5 survivors (5120K)
 Metaspace       used 183562K, capacity 189946K, committed 190196K, reserved 1216512K
  class space    used 22060K, capacity 24297K, committed 24352K, reserved 1048576K
}
Event: 12741.358 GC heap after
{Heap after GC invocations=141 (full 0):
 garbage-first heap   total 447488K, used 236062K [0x0000000080000000, 0x0000000100000000)
  region size 1024K, 3 young (3072K), 3 survivors (3072K)
 Metaspace       used 183562K, capacity 189946K, committed 190196K, reserved 1216512K
  class space    used 22060K, capacity 24297K, committed 24352K, reserved 1048576K
}
Event: 12979.375 GC heap before
{Heap before GC invocations=141 (full 0):
 garbage-first heap   total 447488K, used 364062K [0x0000000080000000, 0x0000000100000000)
  region size 1024K, 129 young (132096K), 3 survivors (3072K)
 Metaspace       used 183800K, capacity 190186K, committed 190452K, reserved 1216512K
  class space    used 22078K, capacity 24328K, committed 24352K, reserved 1048576K
}
Event: 12979.384 GC heap after
{Heap after GC invocations=142 (full 0):
 garbage-first heap   total 447488K, used 234971K [0x0000000080000000, 0x0000000100000000)
  region size 1024K, 2 young (2048K), 2 survivors (2048K)
 Metaspace       used 183800K, capacity 190186K, committed 190452K, reserved 1216512K
  class space    used 22078K, capacity 24328K, committed 24352K, reserved 1048576K
}
Event: 13236.202 GC heap before
{Heap before GC invocations=142 (full 0):
 garbage-first heap   total 447488K, used 369115K [0x0000000080000000, 0x0000000100000000)
  region size 1024K, 134 young (137216K), 2 survivors (2048K)
 Metaspace       used 183975K, capacity 190446K, committed 190708K, reserved 1216512K
  class space    used 22079K, capacity 24328K, committed 24352K, reserved 1048576K
}
Event: 13236.252 GC heap after
{Heap after GC invocations=143 (full 0):
 garbage-first heap   total 447488K, used 243707K [0x0000000080000000, 0x0000000100000000)
  region size 1024K, 11 young (11264K), 11 survivors (11264K)
 Metaspace       used 183975K, capacity 190446K, committed 190708K, reserved 1216512K
  class space    used 22079K, capacity 24328K, committed 24352K, reserved 1048576K
}
Event: 13248.449 GC heap before
{Heap before GC invocations=143 (full 0):
 garbage-first heap   total 447488K, used 373755K [0x0000000080000000, 0x0000000100000000)
  region size 1024K, 136 young (139264K), 11 survivors (11264K)
 Metaspace       used 184008K, capacity 190454K, committed 190708K, reserved 1216512K
  class space    used 22079K, capacity 24329K, committed 24352K, reserved 1048576K
}
Event: 13248.603 GC heap after
{Heap after GC invocations=144 (full 0):
 garbage-first heap   total 447488K, used 248339K [0x0000000080000000, 0x0000000100000000)
  region size 1024K, 8 young (8192K), 8 survivors (8192K)
 Metaspace       used 184008K, capacity 190454K, committed 190708K, reserved 1216512K
  class space    used 22079K, capacity 24329K, committed 24352K, reserved 1048576K
}
Event: 13249.568 GC heap before
{Heap before GC invocations=144 (full 0):
 garbage-first heap   total 447488K, used 286227K [0x0000000080000000, 0x0000000100000000)
  region size 1024K, 25 young (25600K), 8 survivors (8192K)
 Metaspace       used 184013K, capacity 190454K, committed 190708K, reserved 1216512K
  class space    used 22079K, capacity 24329K, committed 24352K, reserved 1048576K
}
Event: 13249.589 GC heap after
{Heap after GC invocations=145 (full 0):
 garbage-first heap   total 447488K, used 250693K [0x0000000080000000, 0x0000000100000000)
  region size 1024K, 4 young (4096K), 4 survivors (4096K)
 Metaspace       used 184013K, capacity 190454K, committed 190708K, reserved 1216512K
  class space    used 22079K, capacity 24329K, committed 24352K, reserved 1048576K
}
Event: 14758.090 GC heap before
{Heap before GC invocations=146 (full 0):
 garbage-first heap   total 447488K, used 366405K [0x0000000080000000, 0x0000000100000000)
  region size 1024K, 128 young (131072K), 4 survivors (4096K)
 Metaspace       used 184402K, capacity 191012K, committed 191092K, reserved 1216512K
  class space    used 22130K, capacity 24421K, committed 24480K, reserved 1048576K
}
Event: 14758.121 GC heap after
{Heap after GC invocations=147 (full 0):
 garbage-first heap   total 447488K, used 225841K [0x0000000080000000, 0x0000000100000000)
  region size 1024K, 4 young (4096K), 4 survivors (4096K)
 Metaspace       used 184402K, capacity 191012K, committed 191092K, reserved 1216512K
  class space    used 22130K, capacity 24421K, committed 24480K, reserved 1048576K
}
Event: 14759.706 GC heap before
{Heap before GC invocations=147 (full 0):
 garbage-first heap   total 447488K, used 243249K [0x0000000080000000, 0x0000000100000000)
  region size 1024K, 21 young (21504K), 4 survivors (4096K)
 Metaspace       used 184426K, capacity 191030K, committed 191092K, reserved 1216512K
  class space    used 22132K, capacity 24426K, committed 24480K, reserved 1048576K
}
Event: 14759.881 GC heap after
{Heap after GC invocations=148 (full 0):
 garbage-first heap   total 447488K, used 205343K [0x0000000080000000, 0x0000000100000000)
  region size 1024K, 3 young (3072K), 3 survivors (3072K)
 Metaspace       used 184426K, capacity 191030K, committed 191092K, reserved 1216512K
  class space    used 22132K, capacity 24426K, committed 24480K, reserved 1048576K
}

